2013/12/24 09:25:50 [error] [exception.CDbException] exception 'CDbException' with message 'CDbConnection failed to open the DB connection: could not find driver' in /var/www/framework/db/CDbConnection.php:382
Stack trace:
#0 /var/www/framework/db/CDbConnection.php(330): CDbConnection->open()
#1 /var/www/framework/db/CDbConnection.php(308): CDbConnection->setActive(true)
#2 /var/www/framework/base/CModule.php(387): CDbConnection->init()
#3 /var/www/framework/base/CModule.php(103): CModule->getComponent('db')
#4 /var/www/framework/gii/generators/model/ModelCode.php(60): CModule->__get('db')
#5 /var/www/framework/web/CFormModel.php(39): ModelCode->init()
#6 /var/www/framework/gii/CCodeGenerator.php(153): CFormModel->__construct()
#7 /var/www/framework/gii/CCodeGenerator.php(63): CCodeGenerator->prepare()
#8 /var/www/framework/web/actions/CInlineAction.php(49): CCodeGenerator->actionIndex()
#9 /var/www/framework/web/CController.php(308): CInlineAction->runWithParams(Array)
#10 /var/www/framework/web/CController.php(286): CController->runAction(Object(CInlineAction))
#11 /var/www/framework/web/CController.php(265): CController->runActionWithFilters(Object(CInlineAction), Array)
#12 /var/www/framework/web/CWebApplication.php(282): CController->run('index')
#13 /var/www/framework/web/CWebApplication.php(141): CWebApplication->runController('gii/model/index')
#14 /var/www/framework/base/CApplication.php(180): CWebApplication->processRequest()
#15 /var/www/onm/index.php(13): CApplication->run()
#16 {main}
REQUEST_URI=/onm/index.php?r=gii/model/index
HTTP_REFERER=http://localhost/onm/index.php?r=gii/default/index
---
2013/12/24 09:27:20 [error] [exception.CDbException] exception 'CDbException' with message 'CDbConnection failed to open the DB connection: could not find driver' in /var/www/framework/db/CDbConnection.php:382
Stack trace:
#0 /var/www/framework/db/CDbConnection.php(330): CDbConnection->open()
#1 /var/www/framework/db/CDbConnection.php(308): CDbConnection->setActive(true)
#2 /var/www/framework/base/CModule.php(387): CDbConnection->init()
#3 /var/www/framework/base/CModule.php(103): CModule->getComponent('db')
#4 /var/www/framework/gii/generators/model/ModelCode.php(60): CModule->__get('db')
#5 /var/www/framework/web/CFormModel.php(39): ModelCode->init()
#6 /var/www/framework/gii/CCodeGenerator.php(153): CFormModel->__construct()
#7 /var/www/framework/gii/CCodeGenerator.php(63): CCodeGenerator->prepare()
#8 /var/www/framework/web/actions/CInlineAction.php(49): CCodeGenerator->actionIndex()
#9 /var/www/framework/web/CController.php(308): CInlineAction->runWithParams(Array)
#10 /var/www/framework/web/CController.php(286): CController->runAction(Object(CInlineAction))
#11 /var/www/framework/web/CController.php(265): CController->runActionWithFilters(Object(CInlineAction), Array)
#12 /var/www/framework/web/CWebApplication.php(282): CController->run('index')
#13 /var/www/framework/web/CWebApplication.php(141): CWebApplication->runController('gii/model/index')
#14 /var/www/framework/base/CApplication.php(180): CWebApplication->processRequest()
#15 /var/www/onm/index.php(13): CApplication->run()
#16 {main}
REQUEST_URI=/onm/index.php?r=gii/model/index
HTTP_REFERER=http://localhost/onm/index.php?r=gii/default/index
---
2013/12/24 09:27:21 [error] [exception.CDbException] exception 'CDbException' with message 'CDbConnection failed to open the DB connection: could not find driver' in /var/www/framework/db/CDbConnection.php:382
Stack trace:
#0 /var/www/framework/db/CDbConnection.php(330): CDbConnection->open()
#1 /var/www/framework/db/CDbConnection.php(308): CDbConnection->setActive(true)
#2 /var/www/framework/base/CModule.php(387): CDbConnection->init()
#3 /var/www/framework/base/CModule.php(103): CModule->getComponent('db')
#4 /var/www/framework/gii/generators/model/ModelCode.php(60): CModule->__get('db')
#5 /var/www/framework/web/CFormModel.php(39): ModelCode->init()
#6 /var/www/framework/gii/CCodeGenerator.php(153): CFormModel->__construct()
#7 /var/www/framework/gii/CCodeGenerator.php(63): CCodeGenerator->prepare()
#8 /var/www/framework/web/actions/CInlineAction.php(49): CCodeGenerator->actionIndex()
#9 /var/www/framework/web/CController.php(308): CInlineAction->runWithParams(Array)
#10 /var/www/framework/web/CController.php(286): CController->runAction(Object(CInlineAction))
#11 /var/www/framework/web/CController.php(265): CController->runActionWithFilters(Object(CInlineAction), Array)
#12 /var/www/framework/web/CWebApplication.php(282): CController->run('index')
#13 /var/www/framework/web/CWebApplication.php(141): CWebApplication->runController('gii/model/index')
#14 /var/www/framework/base/CApplication.php(180): CWebApplication->processRequest()
#15 /var/www/onm/index.php(13): CApplication->run()
#16 {main}
REQUEST_URI=/onm/index.php?r=gii/model/index
HTTP_REFERER=http://localhost/onm/index.php?r=gii/default/index
---
2013/12/24 09:27:22 [error] [exception.CDbException] exception 'CDbException' with message 'CDbConnection failed to open the DB connection: could not find driver' in /var/www/framework/db/CDbConnection.php:382
Stack trace:
#0 /var/www/framework/db/CDbConnection.php(330): CDbConnection->open()
#1 /var/www/framework/db/CDbConnection.php(308): CDbConnection->setActive(true)
#2 /var/www/framework/base/CModule.php(387): CDbConnection->init()
#3 /var/www/framework/base/CModule.php(103): CModule->getComponent('db')
#4 /var/www/framework/gii/generators/model/ModelCode.php(60): CModule->__get('db')
#5 /var/www/framework/web/CFormModel.php(39): ModelCode->init()
#6 /var/www/framework/gii/CCodeGenerator.php(153): CFormModel->__construct()
#7 /var/www/framework/gii/CCodeGenerator.php(63): CCodeGenerator->prepare()
#8 /var/www/framework/web/actions/CInlineAction.php(49): CCodeGenerator->actionIndex()
#9 /var/www/framework/web/CController.php(308): CInlineAction->runWithParams(Array)
#10 /var/www/framework/web/CController.php(286): CController->runAction(Object(CInlineAction))
#11 /var/www/framework/web/CController.php(265): CController->runActionWithFilters(Object(CInlineAction), Array)
#12 /var/www/framework/web/CWebApplication.php(282): CController->run('index')
#13 /var/www/framework/web/CWebApplication.php(141): CWebApplication->runController('gii/model/index')
#14 /var/www/framework/base/CApplication.php(180): CWebApplication->processRequest()
#15 /var/www/onm/index.php(13): CApplication->run()
#16 {main}
REQUEST_URI=/onm/index.php?r=gii/model/index
HTTP_REFERER=http://localhost/onm/index.php?r=gii/default/index
---
2013/12/24 09:27:22 [error] [exception.CDbException] exception 'CDbException' with message 'CDbConnection failed to open the DB connection: could not find driver' in /var/www/framework/db/CDbConnection.php:382
Stack trace:
#0 /var/www/framework/db/CDbConnection.php(330): CDbConnection->open()
#1 /var/www/framework/db/CDbConnection.php(308): CDbConnection->setActive(true)
#2 /var/www/framework/base/CModule.php(387): CDbConnection->init()
#3 /var/www/framework/base/CModule.php(103): CModule->getComponent('db')
#4 /var/www/framework/gii/generators/model/ModelCode.php(60): CModule->__get('db')
#5 /var/www/framework/web/CFormModel.php(39): ModelCode->init()
#6 /var/www/framework/gii/CCodeGenerator.php(153): CFormModel->__construct()
#7 /var/www/framework/gii/CCodeGenerator.php(63): CCodeGenerator->prepare()
#8 /var/www/framework/web/actions/CInlineAction.php(49): CCodeGenerator->actionIndex()
#9 /var/www/framework/web/CController.php(308): CInlineAction->runWithParams(Array)
#10 /var/www/framework/web/CController.php(286): CController->runAction(Object(CInlineAction))
#11 /var/www/framework/web/CController.php(265): CController->runActionWithFilters(Object(CInlineAction), Array)
#12 /var/www/framework/web/CWebApplication.php(282): CController->run('index')
#13 /var/www/framework/web/CWebApplication.php(141): CWebApplication->runController('gii/model/index')
#14 /var/www/framework/base/CApplication.php(180): CWebApplication->processRequest()
#15 /var/www/onm/index.php(13): CApplication->run()
#16 {main}
REQUEST_URI=/onm/index.php?r=gii/model/index
HTTP_REFERER=http://localhost/onm/index.php?r=gii/default/index
---
2013/12/24 09:27:22 [error] [exception.CDbException] exception 'CDbException' with message 'CDbConnection failed to open the DB connection: could not find driver' in /var/www/framework/db/CDbConnection.php:382
Stack trace:
#0 /var/www/framework/db/CDbConnection.php(330): CDbConnection->open()
#1 /var/www/framework/db/CDbConnection.php(308): CDbConnection->setActive(true)
#2 /var/www/framework/base/CModule.php(387): CDbConnection->init()
#3 /var/www/framework/base/CModule.php(103): CModule->getComponent('db')
#4 /var/www/framework/gii/generators/model/ModelCode.php(60): CModule->__get('db')
#5 /var/www/framework/web/CFormModel.php(39): ModelCode->init()
#6 /var/www/framework/gii/CCodeGenerator.php(153): CFormModel->__construct()
#7 /var/www/framework/gii/CCodeGenerator.php(63): CCodeGenerator->prepare()
#8 /var/www/framework/web/actions/CInlineAction.php(49): CCodeGenerator->actionIndex()
#9 /var/www/framework/web/CController.php(308): CInlineAction->runWithParams(Array)
#10 /var/www/framework/web/CController.php(286): CController->runAction(Object(CInlineAction))
#11 /var/www/framework/web/CController.php(265): CController->runActionWithFilters(Object(CInlineAction), Array)
#12 /var/www/framework/web/CWebApplication.php(282): CController->run('index')
#13 /var/www/framework/web/CWebApplication.php(141): CWebApplication->runController('gii/model/index')
#14 /var/www/framework/base/CApplication.php(180): CWebApplication->processRequest()
#15 /var/www/onm/index.php(13): CApplication->run()
#16 {main}
REQUEST_URI=/onm/index.php?r=gii/model/index
HTTP_REFERER=http://localhost/onm/index.php?r=gii/default/index
---
2013/12/24 09:28:42 [error] [exception.CDbException] exception 'CDbException' with message 'CDbConnection failed to open the DB connection: could not find driver' in /var/www/framework/db/CDbConnection.php:382
Stack trace:
#0 /var/www/framework/db/CDbConnection.php(330): CDbConnection->open()
#1 /var/www/framework/db/CDbConnection.php(308): CDbConnection->setActive(true)
#2 /var/www/framework/base/CModule.php(387): CDbConnection->init()
#3 /var/www/framework/base/CModule.php(103): CModule->getComponent('db')
#4 /var/www/framework/gii/generators/model/ModelCode.php(60): CModule->__get('db')
#5 /var/www/framework/web/CFormModel.php(39): ModelCode->init()
#6 /var/www/framework/gii/CCodeGenerator.php(153): CFormModel->__construct()
#7 /var/www/framework/gii/CCodeGenerator.php(63): CCodeGenerator->prepare()
#8 /var/www/framework/web/actions/CInlineAction.php(49): CCodeGenerator->actionIndex()
#9 /var/www/framework/web/CController.php(308): CInlineAction->runWithParams(Array)
#10 /var/www/framework/web/CController.php(286): CController->runAction(Object(CInlineAction))
#11 /var/www/framework/web/CController.php(265): CController->runActionWithFilters(Object(CInlineAction), Array)
#12 /var/www/framework/web/CWebApplication.php(282): CController->run('index')
#13 /var/www/framework/web/CWebApplication.php(141): CWebApplication->runController('gii/model/index')
#14 /var/www/framework/base/CApplication.php(180): CWebApplication->processRequest()
#15 /var/www/onm/index.php(13): CApplication->run()
#16 {main}
REQUEST_URI=/onm/index.php?r=gii/model/index
HTTP_REFERER=http://localhost/onm/index.php?r=gii/default/index
---
2013/12/24 09:28:43 [error] [exception.CDbException] exception 'CDbException' with message 'CDbConnection failed to open the DB connection: could not find driver' in /var/www/framework/db/CDbConnection.php:382
Stack trace:
#0 /var/www/framework/db/CDbConnection.php(330): CDbConnection->open()
#1 /var/www/framework/db/CDbConnection.php(308): CDbConnection->setActive(true)
#2 /var/www/framework/base/CModule.php(387): CDbConnection->init()
#3 /var/www/framework/base/CModule.php(103): CModule->getComponent('db')
#4 /var/www/framework/gii/generators/model/ModelCode.php(60): CModule->__get('db')
#5 /var/www/framework/web/CFormModel.php(39): ModelCode->init()
#6 /var/www/framework/gii/CCodeGenerator.php(153): CFormModel->__construct()
#7 /var/www/framework/gii/CCodeGenerator.php(63): CCodeGenerator->prepare()
#8 /var/www/framework/web/actions/CInlineAction.php(49): CCodeGenerator->actionIndex()
#9 /var/www/framework/web/CController.php(308): CInlineAction->runWithParams(Array)
#10 /var/www/framework/web/CController.php(286): CController->runAction(Object(CInlineAction))
#11 /var/www/framework/web/CController.php(265): CController->runActionWithFilters(Object(CInlineAction), Array)
#12 /var/www/framework/web/CWebApplication.php(282): CController->run('index')
#13 /var/www/framework/web/CWebApplication.php(141): CWebApplication->runController('gii/model/index')
#14 /var/www/framework/base/CApplication.php(180): CWebApplication->processRequest()
#15 /var/www/onm/index.php(13): CApplication->run()
#16 {main}
REQUEST_URI=/onm/index.php?r=gii/model/index
HTTP_REFERER=http://localhost/onm/index.php?r=gii/default/index
---
2013/12/24 09:28:44 [error] [exception.CDbException] exception 'CDbException' with message 'CDbConnection failed to open the DB connection: could not find driver' in /var/www/framework/db/CDbConnection.php:382
Stack trace:
#0 /var/www/framework/db/CDbConnection.php(330): CDbConnection->open()
#1 /var/www/framework/db/CDbConnection.php(308): CDbConnection->setActive(true)
#2 /var/www/framework/base/CModule.php(387): CDbConnection->init()
#3 /var/www/framework/base/CModule.php(103): CModule->getComponent('db')
#4 /var/www/framework/gii/generators/model/ModelCode.php(60): CModule->__get('db')
#5 /var/www/framework/web/CFormModel.php(39): ModelCode->init()
#6 /var/www/framework/gii/CCodeGenerator.php(153): CFormModel->__construct()
#7 /var/www/framework/gii/CCodeGenerator.php(63): CCodeGenerator->prepare()
#8 /var/www/framework/web/actions/CInlineAction.php(49): CCodeGenerator->actionIndex()
#9 /var/www/framework/web/CController.php(308): CInlineAction->runWithParams(Array)
#10 /var/www/framework/web/CController.php(286): CController->runAction(Object(CInlineAction))
#11 /var/www/framework/web/CController.php(265): CController->runActionWithFilters(Object(CInlineAction), Array)
#12 /var/www/framework/web/CWebApplication.php(282): CController->run('index')
#13 /var/www/framework/web/CWebApplication.php(141): CWebApplication->runController('gii/model/index')
#14 /var/www/framework/base/CApplication.php(180): CWebApplication->processRequest()
#15 /var/www/onm/index.php(13): CApplication->run()
#16 {main}
REQUEST_URI=/onm/index.php?r=gii/model/index
HTTP_REFERER=http://localhost/onm/index.php?r=gii/default/index
---
2013/12/24 09:28:44 [error] [exception.CDbException] exception 'CDbException' with message 'CDbConnection failed to open the DB connection: could not find driver' in /var/www/framework/db/CDbConnection.php:382
Stack trace:
#0 /var/www/framework/db/CDbConnection.php(330): CDbConnection->open()
#1 /var/www/framework/db/CDbConnection.php(308): CDbConnection->setActive(true)
#2 /var/www/framework/base/CModule.php(387): CDbConnection->init()
#3 /var/www/framework/base/CModule.php(103): CModule->getComponent('db')
#4 /var/www/framework/gii/generators/model/ModelCode.php(60): CModule->__get('db')
#5 /var/www/framework/web/CFormModel.php(39): ModelCode->init()
#6 /var/www/framework/gii/CCodeGenerator.php(153): CFormModel->__construct()
#7 /var/www/framework/gii/CCodeGenerator.php(63): CCodeGenerator->prepare()
#8 /var/www/framework/web/actions/CInlineAction.php(49): CCodeGenerator->actionIndex()
#9 /var/www/framework/web/CController.php(308): CInlineAction->runWithParams(Array)
#10 /var/www/framework/web/CController.php(286): CController->runAction(Object(CInlineAction))
#11 /var/www/framework/web/CController.php(265): CController->runActionWithFilters(Object(CInlineAction), Array)
#12 /var/www/framework/web/CWebApplication.php(282): CController->run('index')
#13 /var/www/framework/web/CWebApplication.php(141): CWebApplication->runController('gii/model/index')
#14 /var/www/framework/base/CApplication.php(180): CWebApplication->processRequest()
#15 /var/www/onm/index.php(13): CApplication->run()
#16 {main}
REQUEST_URI=/onm/index.php?r=gii/model/index
HTTP_REFERER=http://localhost/onm/index.php?r=gii/default/index
---
2013/12/24 09:28:44 [error] [exception.CDbException] exception 'CDbException' with message 'CDbConnection failed to open the DB connection: could not find driver' in /var/www/framework/db/CDbConnection.php:382
Stack trace:
#0 /var/www/framework/db/CDbConnection.php(330): CDbConnection->open()
#1 /var/www/framework/db/CDbConnection.php(308): CDbConnection->setActive(true)
#2 /var/www/framework/base/CModule.php(387): CDbConnection->init()
#3 /var/www/framework/base/CModule.php(103): CModule->getComponent('db')
#4 /var/www/framework/gii/generators/model/ModelCode.php(60): CModule->__get('db')
#5 /var/www/framework/web/CFormModel.php(39): ModelCode->init()
#6 /var/www/framework/gii/CCodeGenerator.php(153): CFormModel->__construct()
#7 /var/www/framework/gii/CCodeGenerator.php(63): CCodeGenerator->prepare()
#8 /var/www/framework/web/actions/CInlineAction.php(49): CCodeGenerator->actionIndex()
#9 /var/www/framework/web/CController.php(308): CInlineAction->runWithParams(Array)
#10 /var/www/framework/web/CController.php(286): CController->runAction(Object(CInlineAction))
#11 /var/www/framework/web/CController.php(265): CController->runActionWithFilters(Object(CInlineAction), Array)
#12 /var/www/framework/web/CWebApplication.php(282): CController->run('index')
#13 /var/www/framework/web/CWebApplication.php(141): CWebApplication->runController('gii/model/index')
#14 /var/www/framework/base/CApplication.php(180): CWebApplication->processRequest()
#15 /var/www/onm/index.php(13): CApplication->run()
#16 {main}
REQUEST_URI=/onm/index.php?r=gii/model/index
HTTP_REFERER=http://localhost/onm/index.php?r=gii/default/index
---
2013/12/24 09:28:44 [error] [exception.CDbException] exception 'CDbException' with message 'CDbConnection failed to open the DB connection: could not find driver' in /var/www/framework/db/CDbConnection.php:382
Stack trace:
#0 /var/www/framework/db/CDbConnection.php(330): CDbConnection->open()
#1 /var/www/framework/db/CDbConnection.php(308): CDbConnection->setActive(true)
#2 /var/www/framework/base/CModule.php(387): CDbConnection->init()
#3 /var/www/framework/base/CModule.php(103): CModule->getComponent('db')
#4 /var/www/framework/gii/generators/model/ModelCode.php(60): CModule->__get('db')
#5 /var/www/framework/web/CFormModel.php(39): ModelCode->init()
#6 /var/www/framework/gii/CCodeGenerator.php(153): CFormModel->__construct()
#7 /var/www/framework/gii/CCodeGenerator.php(63): CCodeGenerator->prepare()
#8 /var/www/framework/web/actions/CInlineAction.php(49): CCodeGenerator->actionIndex()
#9 /var/www/framework/web/CController.php(308): CInlineAction->runWithParams(Array)
#10 /var/www/framework/web/CController.php(286): CController->runAction(Object(CInlineAction))
#11 /var/www/framework/web/CController.php(265): CController->runActionWithFilters(Object(CInlineAction), Array)
#12 /var/www/framework/web/CWebApplication.php(282): CController->run('index')
#13 /var/www/framework/web/CWebApplication.php(141): CWebApplication->runController('gii/model/index')
#14 /var/www/framework/base/CApplication.php(180): CWebApplication->processRequest()
#15 /var/www/onm/index.php(13): CApplication->run()
#16 {main}
REQUEST_URI=/onm/index.php?r=gii/model/index
HTTP_REFERER=http://localhost/onm/index.php?r=gii/default/index
---
2013/12/24 09:30:18 [error] [exception.CDbException] exception 'CDbException' with message 'CDbConnection failed to open the DB connection: SQLSTATE[IM001]: Driver does not support this function: driver does not support setting attributes' in /var/www/framework/db/CDbConnection.php:382
Stack trace:
#0 /var/www/framework/db/CDbConnection.php(330): CDbConnection->open()
#1 /var/www/framework/db/CDbConnection.php(308): CDbConnection->setActive(true)
#2 /var/www/framework/base/CModule.php(387): CDbConnection->init()
#3 /var/www/framework/base/CModule.php(103): CModule->getComponent('db')
#4 /var/www/framework/gii/generators/model/ModelCode.php(60): CModule->__get('db')
#5 /var/www/framework/web/CFormModel.php(39): ModelCode->init()
#6 /var/www/framework/gii/CCodeGenerator.php(153): CFormModel->__construct()
#7 /var/www/framework/gii/CCodeGenerator.php(63): CCodeGenerator->prepare()
#8 /var/www/framework/web/actions/CInlineAction.php(49): CCodeGenerator->actionIndex()
#9 /var/www/framework/web/CController.php(308): CInlineAction->runWithParams(Array)
#10 /var/www/framework/web/CController.php(286): CController->runAction(Object(CInlineAction))
#11 /var/www/framework/web/CController.php(265): CController->runActionWithFilters(Object(CInlineAction), Array)
#12 /var/www/framework/web/CWebApplication.php(282): CController->run('index')
#13 /var/www/framework/web/CWebApplication.php(141): CWebApplication->runController('gii/model/index')
#14 /var/www/framework/base/CApplication.php(180): CWebApplication->processRequest()
#15 /var/www/onm/index.php(13): CApplication->run()
#16 {main}
REQUEST_URI=/onm/index.php?r=gii/model/index
HTTP_REFERER=http://localhost/onm/index.php?r=gii/default/index
---
2013/12/24 09:34:59 [error] [exception.CDbException] exception 'CDbException' with message 'CDbConnection failed to open the DB connection: SQLSTATE[01002] Adaptive Server connection failed (severity 9)' in /var/www/framework/db/CDbConnection.php:382
Stack trace:
#0 /var/www/framework/db/CDbConnection.php(330): CDbConnection->open()
#1 /var/www/framework/db/CDbConnection.php(308): CDbConnection->setActive(true)
#2 /var/www/framework/base/CModule.php(387): CDbConnection->init()
#3 /var/www/framework/base/CModule.php(103): CModule->getComponent('db')
#4 /var/www/framework/gii/generators/model/ModelCode.php(60): CModule->__get('db')
#5 /var/www/framework/web/CFormModel.php(39): ModelCode->init()
#6 /var/www/framework/gii/CCodeGenerator.php(153): CFormModel->__construct()
#7 /var/www/framework/gii/CCodeGenerator.php(63): CCodeGenerator->prepare()
#8 /var/www/framework/web/actions/CInlineAction.php(49): CCodeGenerator->actionIndex()
#9 /var/www/framework/web/CController.php(308): CInlineAction->runWithParams(Array)
#10 /var/www/framework/web/CController.php(286): CController->runAction(Object(CInlineAction))
#11 /var/www/framework/web/CController.php(265): CController->runActionWithFilters(Object(CInlineAction), Array)
#12 /var/www/framework/web/CWebApplication.php(282): CController->run('index')
#13 /var/www/framework/web/CWebApplication.php(141): CWebApplication->runController('gii/model/index')
#14 /var/www/framework/base/CApplication.php(180): CWebApplication->processRequest()
#15 /var/www/onm/index.php(13): CApplication->run()
#16 {main}
REQUEST_URI=/onm/index.php?r=gii/model/index
HTTP_REFERER=http://localhost/onm/index.php?r=gii/default/index
---
2013/12/24 09:35:17 [error] [exception.CDbException] exception 'CDbException' with message 'CDbConnection failed to open the DB connection: SQLSTATE[01002] Adaptive Server connection failed (severity 9)' in /var/www/framework/db/CDbConnection.php:382
Stack trace:
#0 /var/www/framework/db/CDbConnection.php(330): CDbConnection->open()
#1 /var/www/framework/db/CDbConnection.php(308): CDbConnection->setActive(true)
#2 /var/www/framework/base/CModule.php(387): CDbConnection->init()
#3 /var/www/framework/base/CModule.php(103): CModule->getComponent('db')
#4 /var/www/framework/gii/generators/model/ModelCode.php(60): CModule->__get('db')
#5 /var/www/framework/web/CFormModel.php(39): ModelCode->init()
#6 /var/www/framework/gii/CCodeGenerator.php(153): CFormModel->__construct()
#7 /var/www/framework/gii/CCodeGenerator.php(63): CCodeGenerator->prepare()
#8 /var/www/framework/web/actions/CInlineAction.php(49): CCodeGenerator->actionIndex()
#9 /var/www/framework/web/CController.php(308): CInlineAction->runWithParams(Array)
#10 /var/www/framework/web/CController.php(286): CController->runAction(Object(CInlineAction))
#11 /var/www/framework/web/CController.php(265): CController->runActionWithFilters(Object(CInlineAction), Array)
#12 /var/www/framework/web/CWebApplication.php(282): CController->run('index')
#13 /var/www/framework/web/CWebApplication.php(141): CWebApplication->runController('gii/model/index')
#14 /var/www/framework/base/CApplication.php(180): CWebApplication->processRequest()
#15 /var/www/onm/index.php(13): CApplication->run()
#16 {main}
REQUEST_URI=/onm/index.php?r=gii/model/index
HTTP_REFERER=http://localhost/onm/index.php?r=gii/default/index
---
2013/12/24 09:36:53 [error] [exception.CDbException] exception 'CDbException' with message 'CDbConnection failed to open the DB connection: SQLSTATE[01002] Adaptive Server connection failed (severity 9)' in /var/www/framework/db/CDbConnection.php:382
Stack trace:
#0 /var/www/framework/db/CDbConnection.php(330): CDbConnection->open()
#1 /var/www/framework/db/CDbConnection.php(308): CDbConnection->setActive(true)
#2 /var/www/framework/base/CModule.php(387): CDbConnection->init()
#3 /var/www/framework/base/CModule.php(103): CModule->getComponent('db')
#4 /var/www/framework/gii/generators/model/ModelCode.php(60): CModule->__get('db')
#5 /var/www/framework/web/CFormModel.php(39): ModelCode->init()
#6 /var/www/framework/gii/CCodeGenerator.php(153): CFormModel->__construct()
#7 /var/www/framework/gii/CCodeGenerator.php(63): CCodeGenerator->prepare()
#8 /var/www/framework/web/actions/CInlineAction.php(49): CCodeGenerator->actionIndex()
#9 /var/www/framework/web/CController.php(308): CInlineAction->runWithParams(Array)
#10 /var/www/framework/web/CController.php(286): CController->runAction(Object(CInlineAction))
#11 /var/www/framework/web/CController.php(265): CController->runActionWithFilters(Object(CInlineAction), Array)
#12 /var/www/framework/web/CWebApplication.php(282): CController->run('index')
#13 /var/www/framework/web/CWebApplication.php(141): CWebApplication->runController('gii/model/index')
#14 /var/www/framework/base/CApplication.php(180): CWebApplication->processRequest()
#15 /var/www/onm/index.php(13): CApplication->run()
#16 {main}
REQUEST_URI=/onm/index.php?r=gii/model/index
HTTP_REFERER=http://localhost/onm/index.php?r=gii/default/index
---
2013/12/24 09:39:08 [error] [exception.CDbException] exception 'CDbException' with message 'CDbConnection failed to open the DB connection: SQLSTATE[01002] Adaptive Server connection failed (severity 9)' in /var/www/framework/db/CDbConnection.php:382
Stack trace:
#0 /var/www/framework/db/CDbConnection.php(330): CDbConnection->open()
#1 /var/www/framework/db/CDbConnection.php(308): CDbConnection->setActive(true)
#2 /var/www/framework/base/CModule.php(387): CDbConnection->init()
#3 /var/www/framework/base/CModule.php(103): CModule->getComponent('db')
#4 /var/www/framework/gii/generators/model/ModelCode.php(60): CModule->__get('db')
#5 /var/www/framework/web/CFormModel.php(39): ModelCode->init()
#6 /var/www/framework/gii/CCodeGenerator.php(153): CFormModel->__construct()
#7 /var/www/framework/gii/CCodeGenerator.php(63): CCodeGenerator->prepare()
#8 /var/www/framework/web/actions/CInlineAction.php(49): CCodeGenerator->actionIndex()
#9 /var/www/framework/web/CController.php(308): CInlineAction->runWithParams(Array)
#10 /var/www/framework/web/CController.php(286): CController->runAction(Object(CInlineAction))
#11 /var/www/framework/web/CController.php(265): CController->runActionWithFilters(Object(CInlineAction), Array)
#12 /var/www/framework/web/CWebApplication.php(282): CController->run('index')
#13 /var/www/framework/web/CWebApplication.php(141): CWebApplication->runController('gii/model/index')
#14 /var/www/framework/base/CApplication.php(180): CWebApplication->processRequest()
#15 /var/www/onm/index.php(13): CApplication->run()
#16 {main}
REQUEST_URI=/onm/index.php?r=gii/model/index
HTTP_REFERER=http://localhost/onm/index.php?r=gii/default/index
---
2013/12/24 09:39:10 [error] [exception.CDbException] exception 'CDbException' with message 'CDbConnection failed to open the DB connection: SQLSTATE[01002] Adaptive Server connection failed (severity 9)' in /var/www/framework/db/CDbConnection.php:382
Stack trace:
#0 /var/www/framework/db/CDbConnection.php(330): CDbConnection->open()
#1 /var/www/framework/db/CDbConnection.php(308): CDbConnection->setActive(true)
#2 /var/www/framework/base/CModule.php(387): CDbConnection->init()
#3 /var/www/framework/base/CModule.php(103): CModule->getComponent('db')
#4 /var/www/framework/gii/generators/model/ModelCode.php(60): CModule->__get('db')
#5 /var/www/framework/web/CFormModel.php(39): ModelCode->init()
#6 /var/www/framework/gii/CCodeGenerator.php(153): CFormModel->__construct()
#7 /var/www/framework/gii/CCodeGenerator.php(63): CCodeGenerator->prepare()
#8 /var/www/framework/web/actions/CInlineAction.php(49): CCodeGenerator->actionIndex()
#9 /var/www/framework/web/CController.php(308): CInlineAction->runWithParams(Array)
#10 /var/www/framework/web/CController.php(286): CController->runAction(Object(CInlineAction))
#11 /var/www/framework/web/CController.php(265): CController->runActionWithFilters(Object(CInlineAction), Array)
#12 /var/www/framework/web/CWebApplication.php(282): CController->run('index')
#13 /var/www/framework/web/CWebApplication.php(141): CWebApplication->runController('gii/model/index')
#14 /var/www/framework/base/CApplication.php(180): CWebApplication->processRequest()
#15 /var/www/onm/index.php(13): CApplication->run()
#16 {main}
REQUEST_URI=/onm/index.php?r=gii/model/index
HTTP_REFERER=http://localhost/onm/index.php?r=gii/default/index
---
2013/12/24 09:54:34 [error] [exception.CDbException] exception 'CDbException' with message 'CDbConnection.connectionString cannot be empty.' in /var/www/framework/db/CDbConnection.php:370
Stack trace:
#0 /var/www/framework/db/CDbConnection.php(330): CDbConnection->open()
#1 /var/www/framework/db/CDbConnection.php(308): CDbConnection->setActive(true)
#2 /var/www/framework/base/CModule.php(387): CDbConnection->init()
#3 /var/www/framework/base/CModule.php(103): CModule->getComponent('db')
#4 /var/www/framework/gii/generators/model/ModelCode.php(60): CModule->__get('db')
#5 /var/www/framework/web/CFormModel.php(39): ModelCode->init()
#6 /var/www/framework/gii/CCodeGenerator.php(153): CFormModel->__construct()
#7 /var/www/framework/gii/CCodeGenerator.php(63): CCodeGenerator->prepare()
#8 /var/www/framework/web/actions/CInlineAction.php(49): CCodeGenerator->actionIndex()
#9 /var/www/framework/web/CController.php(308): CInlineAction->runWithParams(Array)
#10 /var/www/framework/web/CController.php(286): CController->runAction(Object(CInlineAction))
#11 /var/www/framework/web/CController.php(265): CController->runActionWithFilters(Object(CInlineAction), Array)
#12 /var/www/framework/web/CWebApplication.php(282): CController->run('index')
#13 /var/www/framework/web/CWebApplication.php(141): CWebApplication->runController('gii/model/index')
#14 /var/www/framework/base/CApplication.php(180): CWebApplication->processRequest()
#15 /var/www/onm/index.php(25): CApplication->run()
#16 {main}
REQUEST_URI=/onm/index.php?r=gii/model/index
HTTP_REFERER=http://localhost/onm/index.php?r=gii/model/index
---
2013/12/24 09:55:27 [error] [exception.CDbException] exception 'CDbException' with message 'CDbConnection failed to open the DB connection: SQLSTATE[HY000] Unknown host machine name (severity 2)' in /var/www/framework/db/CDbConnection.php:382
Stack trace:
#0 /var/www/framework/db/CDbConnection.php(330): CDbConnection->open()
#1 /var/www/framework/db/CDbConnection.php(308): CDbConnection->setActive(true)
#2 /var/www/framework/base/CModule.php(387): CDbConnection->init()
#3 /var/www/framework/base/CModule.php(103): CModule->getComponent('db')
#4 /var/www/framework/gii/generators/model/ModelCode.php(60): CModule->__get('db')
#5 /var/www/framework/web/CFormModel.php(39): ModelCode->init()
#6 /var/www/framework/gii/CCodeGenerator.php(153): CFormModel->__construct()
#7 /var/www/framework/gii/CCodeGenerator.php(63): CCodeGenerator->prepare()
#8 /var/www/framework/web/actions/CInlineAction.php(49): CCodeGenerator->actionIndex()
#9 /var/www/framework/web/CController.php(308): CInlineAction->runWithParams(Array)
#10 /var/www/framework/web/CController.php(286): CController->runAction(Object(CInlineAction))
#11 /var/www/framework/web/CController.php(265): CController->runActionWithFilters(Object(CInlineAction), Array)
#12 /var/www/framework/web/CWebApplication.php(282): CController->run('index')
#13 /var/www/framework/web/CWebApplication.php(141): CWebApplication->runController('gii/model/index')
#14 /var/www/framework/base/CApplication.php(180): CWebApplication->processRequest()
#15 /var/www/onm/index.php(25): CApplication->run()
#16 {main}
REQUEST_URI=/onm/index.php?r=gii/model/index
HTTP_REFERER=http://localhost/onm/index.php?r=gii/model/index
---
2013/12/24 09:56:41 [error] [exception.CDbException] exception 'CDbException' with message 'CDbConnection failed to open the DB connection: SQLSTATE[HY000] Unknown host machine name (severity 2)' in /var/www/framework/db/CDbConnection.php:382
Stack trace:
#0 /var/www/framework/db/CDbConnection.php(330): CDbConnection->open()
#1 /var/www/framework/db/CDbConnection.php(308): CDbConnection->setActive(true)
#2 /var/www/framework/base/CModule.php(387): CDbConnection->init()
#3 /var/www/framework/base/CModule.php(103): CModule->getComponent('db')
#4 /var/www/framework/gii/generators/model/ModelCode.php(60): CModule->__get('db')
#5 /var/www/framework/web/CFormModel.php(39): ModelCode->init()
#6 /var/www/framework/gii/CCodeGenerator.php(153): CFormModel->__construct()
#7 /var/www/framework/gii/CCodeGenerator.php(63): CCodeGenerator->prepare()
#8 /var/www/framework/web/actions/CInlineAction.php(49): CCodeGenerator->actionIndex()
#9 /var/www/framework/web/CController.php(308): CInlineAction->runWithParams(Array)
#10 /var/www/framework/web/CController.php(286): CController->runAction(Object(CInlineAction))
#11 /var/www/framework/web/CController.php(265): CController->runActionWithFilters(Object(CInlineAction), Array)
#12 /var/www/framework/web/CWebApplication.php(282): CController->run('index')
#13 /var/www/framework/web/CWebApplication.php(141): CWebApplication->runController('gii/model/index')
#14 /var/www/framework/base/CApplication.php(180): CWebApplication->processRequest()
#15 /var/www/onm/index.php(25): CApplication->run()
#16 {main}
REQUEST_URI=/onm/index.php?r=gii/model/index
HTTP_REFERER=http://localhost/onm/index.php?r=gii/model/index
---
2013/12/24 09:56:43 [error] [exception.CDbException] exception 'CDbException' with message 'CDbConnection failed to open the DB connection: SQLSTATE[HY000] Unknown host machine name (severity 2)' in /var/www/framework/db/CDbConnection.php:382
Stack trace:
#0 /var/www/framework/db/CDbConnection.php(330): CDbConnection->open()
#1 /var/www/framework/db/CDbConnection.php(308): CDbConnection->setActive(true)
#2 /var/www/framework/base/CModule.php(387): CDbConnection->init()
#3 /var/www/framework/base/CModule.php(103): CModule->getComponent('db')
#4 /var/www/framework/gii/generators/model/ModelCode.php(60): CModule->__get('db')
#5 /var/www/framework/web/CFormModel.php(39): ModelCode->init()
#6 /var/www/framework/gii/CCodeGenerator.php(153): CFormModel->__construct()
#7 /var/www/framework/gii/CCodeGenerator.php(63): CCodeGenerator->prepare()
#8 /var/www/framework/web/actions/CInlineAction.php(49): CCodeGenerator->actionIndex()
#9 /var/www/framework/web/CController.php(308): CInlineAction->runWithParams(Array)
#10 /var/www/framework/web/CController.php(286): CController->runAction(Object(CInlineAction))
#11 /var/www/framework/web/CController.php(265): CController->runActionWithFilters(Object(CInlineAction), Array)
#12 /var/www/framework/web/CWebApplication.php(282): CController->run('index')
#13 /var/www/framework/web/CWebApplication.php(141): CWebApplication->runController('gii/model/index')
#14 /var/www/framework/base/CApplication.php(180): CWebApplication->processRequest()
#15 /var/www/onm/index.php(25): CApplication->run()
#16 {main}
REQUEST_URI=/onm/index.php?r=gii/model/index
HTTP_REFERER=http://localhost/onm/index.php?r=gii/model/index
---
2013/12/24 09:56:44 [error] [exception.CDbException] exception 'CDbException' with message 'CDbConnection failed to open the DB connection: SQLSTATE[HY000] Unknown host machine name (severity 2)' in /var/www/framework/db/CDbConnection.php:382
Stack trace:
#0 /var/www/framework/db/CDbConnection.php(330): CDbConnection->open()
#1 /var/www/framework/db/CDbConnection.php(308): CDbConnection->setActive(true)
#2 /var/www/framework/base/CModule.php(387): CDbConnection->init()
#3 /var/www/framework/base/CModule.php(103): CModule->getComponent('db')
#4 /var/www/framework/gii/generators/model/ModelCode.php(60): CModule->__get('db')
#5 /var/www/framework/web/CFormModel.php(39): ModelCode->init()
#6 /var/www/framework/gii/CCodeGenerator.php(153): CFormModel->__construct()
#7 /var/www/framework/gii/CCodeGenerator.php(63): CCodeGenerator->prepare()
#8 /var/www/framework/web/actions/CInlineAction.php(49): CCodeGenerator->actionIndex()
#9 /var/www/framework/web/CController.php(308): CInlineAction->runWithParams(Array)
#10 /var/www/framework/web/CController.php(286): CController->runAction(Object(CInlineAction))
#11 /var/www/framework/web/CController.php(265): CController->runActionWithFilters(Object(CInlineAction), Array)
#12 /var/www/framework/web/CWebApplication.php(282): CController->run('index')
#13 /var/www/framework/web/CWebApplication.php(141): CWebApplication->runController('gii/model/index')
#14 /var/www/framework/base/CApplication.php(180): CWebApplication->processRequest()
#15 /var/www/onm/index.php(25): CApplication->run()
#16 {main}
REQUEST_URI=/onm/index.php?r=gii/model/index
HTTP_REFERER=http://localhost/onm/index.php?r=gii/model/index
---
2013/12/24 09:56:45 [error] [exception.CDbException] exception 'CDbException' with message 'CDbConnection failed to open the DB connection: SQLSTATE[HY000] Unknown host machine name (severity 2)' in /var/www/framework/db/CDbConnection.php:382
Stack trace:
#0 /var/www/framework/db/CDbConnection.php(330): CDbConnection->open()
#1 /var/www/framework/db/CDbConnection.php(308): CDbConnection->setActive(true)
#2 /var/www/framework/base/CModule.php(387): CDbConnection->init()
#3 /var/www/framework/base/CModule.php(103): CModule->getComponent('db')
#4 /var/www/framework/gii/generators/model/ModelCode.php(60): CModule->__get('db')
#5 /var/www/framework/web/CFormModel.php(39): ModelCode->init()
#6 /var/www/framework/gii/CCodeGenerator.php(153): CFormModel->__construct()
#7 /var/www/framework/gii/CCodeGenerator.php(63): CCodeGenerator->prepare()
#8 /var/www/framework/web/actions/CInlineAction.php(49): CCodeGenerator->actionIndex()
#9 /var/www/framework/web/CController.php(308): CInlineAction->runWithParams(Array)
#10 /var/www/framework/web/CController.php(286): CController->runAction(Object(CInlineAction))
#11 /var/www/framework/web/CController.php(265): CController->runActionWithFilters(Object(CInlineAction), Array)
#12 /var/www/framework/web/CWebApplication.php(282): CController->run('index')
#13 /var/www/framework/web/CWebApplication.php(141): CWebApplication->runController('gii/model/index')
#14 /var/www/framework/base/CApplication.php(180): CWebApplication->processRequest()
#15 /var/www/onm/index.php(25): CApplication->run()
#16 {main}
REQUEST_URI=/onm/index.php?r=gii/model/index
HTTP_REFERER=http://localhost/onm/index.php?r=gii/model/index
---
2013/12/24 09:57:48 [error] [exception.CDbException] exception 'CDbException' with message 'CDbConnection failed to open the DB connection: SQLSTATE[] (null) (severity 0)' in /var/www/framework/db/CDbConnection.php:382
Stack trace:
#0 /var/www/framework/db/CDbConnection.php(330): CDbConnection->open()
#1 /var/www/framework/db/CDbConnection.php(308): CDbConnection->setActive(true)
#2 /var/www/framework/base/CModule.php(387): CDbConnection->init()
#3 /var/www/framework/base/CModule.php(103): CModule->getComponent('db')
#4 /var/www/framework/gii/generators/model/ModelCode.php(60): CModule->__get('db')
#5 /var/www/framework/web/CFormModel.php(39): ModelCode->init()
#6 /var/www/framework/gii/CCodeGenerator.php(153): CFormModel->__construct()
#7 /var/www/framework/gii/CCodeGenerator.php(63): CCodeGenerator->prepare()
#8 /var/www/framework/web/actions/CInlineAction.php(49): CCodeGenerator->actionIndex()
#9 /var/www/framework/web/CController.php(308): CInlineAction->runWithParams(Array)
#10 /var/www/framework/web/CController.php(286): CController->runAction(Object(CInlineAction))
#11 /var/www/framework/web/CController.php(265): CController->runActionWithFilters(Object(CInlineAction), Array)
#12 /var/www/framework/web/CWebApplication.php(282): CController->run('index')
#13 /var/www/framework/web/CWebApplication.php(141): CWebApplication->runController('gii/model/index')
#14 /var/www/framework/base/CApplication.php(180): CWebApplication->processRequest()
#15 /var/www/onm/index.php(25): CApplication->run()
#16 {main}
REQUEST_URI=/onm/index.php?r=gii/model/index
HTTP_REFERER=http://localhost/onm/index.php?r=gii
---
2013/12/24 09:58:10 [error] [exception.CDbException] exception 'CDbException' with message 'CDbConnection failed to open the DB connection: SQLSTATE[] (null) (severity 0)' in /var/www/framework/db/CDbConnection.php:382
Stack trace:
#0 /var/www/framework/db/CDbConnection.php(330): CDbConnection->open()
#1 /var/www/framework/db/CDbConnection.php(308): CDbConnection->setActive(true)
#2 /var/www/framework/base/CModule.php(387): CDbConnection->init()
#3 /var/www/framework/base/CModule.php(103): CModule->getComponent('db')
#4 /var/www/framework/gii/generators/model/ModelCode.php(60): CModule->__get('db')
#5 /var/www/framework/web/CFormModel.php(39): ModelCode->init()
#6 /var/www/framework/gii/CCodeGenerator.php(153): CFormModel->__construct()
#7 /var/www/framework/gii/CCodeGenerator.php(63): CCodeGenerator->prepare()
#8 /var/www/framework/web/actions/CInlineAction.php(49): CCodeGenerator->actionIndex()
#9 /var/www/framework/web/CController.php(308): CInlineAction->runWithParams(Array)
#10 /var/www/framework/web/CController.php(286): CController->runAction(Object(CInlineAction))
#11 /var/www/framework/web/CController.php(265): CController->runActionWithFilters(Object(CInlineAction), Array)
#12 /var/www/framework/web/CWebApplication.php(282): CController->run('index')
#13 /var/www/framework/web/CWebApplication.php(141): CWebApplication->runController('gii/model/index')
#14 /var/www/framework/base/CApplication.php(180): CWebApplication->processRequest()
#15 /var/www/onm/index.php(25): CApplication->run()
#16 {main}
REQUEST_URI=/onm/index.php?r=gii/model/index
HTTP_REFERER=http://localhost/onm/index.php?r=gii
---
2013/12/24 10:00:30 [error] [exception.CDbException] exception 'CDbException' with message 'CDbConnection failed to open the DB connection: SQLSTATE[] (null) (severity 0)' in /var/www/framework/db/CDbConnection.php:382
Stack trace:
#0 /var/www/framework/db/CDbConnection.php(330): CDbConnection->open()
#1 /var/www/framework/db/CDbConnection.php(308): CDbConnection->setActive(true)
#2 /var/www/framework/base/CModule.php(387): CDbConnection->init()
#3 /var/www/framework/base/CModule.php(103): CModule->getComponent('db')
#4 /var/www/framework/gii/generators/model/ModelCode.php(60): CModule->__get('db')
#5 /var/www/framework/web/CFormModel.php(39): ModelCode->init()
#6 /var/www/framework/gii/CCodeGenerator.php(153): CFormModel->__construct()
#7 /var/www/framework/gii/CCodeGenerator.php(63): CCodeGenerator->prepare()
#8 /var/www/framework/web/actions/CInlineAction.php(49): CCodeGenerator->actionIndex()
#9 /var/www/framework/web/CController.php(308): CInlineAction->runWithParams(Array)
#10 /var/www/framework/web/CController.php(286): CController->runAction(Object(CInlineAction))
#11 /var/www/framework/web/CController.php(265): CController->runActionWithFilters(Object(CInlineAction), Array)
#12 /var/www/framework/web/CWebApplication.php(282): CController->run('index')
#13 /var/www/framework/web/CWebApplication.php(141): CWebApplication->runController('gii/model/index')
#14 /var/www/framework/base/CApplication.php(180): CWebApplication->processRequest()
#15 /var/www/onm/index.php(25): CApplication->run()
#16 {main}
REQUEST_URI=/onm/index.php?r=gii/model/index
HTTP_REFERER=http://localhost/onm/index.php?r=gii
---
2013/12/24 10:01:55 [error] [exception.CDbException] exception 'CDbException' with message 'CDbConnection failed to open the DB connection: SQLSTATE[] (null) (severity 0)' in /var/www/framework/db/CDbConnection.php:382
Stack trace:
#0 /var/www/framework/db/CDbConnection.php(330): CDbConnection->open()
#1 /var/www/framework/db/CDbConnection.php(308): CDbConnection->setActive(true)
#2 /var/www/framework/base/CModule.php(387): CDbConnection->init()
#3 /var/www/framework/base/CModule.php(103): CModule->getComponent('db')
#4 /var/www/framework/gii/generators/model/ModelCode.php(60): CModule->__get('db')
#5 /var/www/framework/web/CFormModel.php(39): ModelCode->init()
#6 /var/www/framework/gii/CCodeGenerator.php(153): CFormModel->__construct()
#7 /var/www/framework/gii/CCodeGenerator.php(63): CCodeGenerator->prepare()
#8 /var/www/framework/web/actions/CInlineAction.php(49): CCodeGenerator->actionIndex()
#9 /var/www/framework/web/CController.php(308): CInlineAction->runWithParams(Array)
#10 /var/www/framework/web/CController.php(286): CController->runAction(Object(CInlineAction))
#11 /var/www/framework/web/CController.php(265): CController->runActionWithFilters(Object(CInlineAction), Array)
#12 /var/www/framework/web/CWebApplication.php(282): CController->run('index')
#13 /var/www/framework/web/CWebApplication.php(141): CWebApplication->runController('gii/model/index')
#14 /var/www/framework/base/CApplication.php(180): CWebApplication->processRequest()
#15 /var/www/onm/index.php(25): CApplication->run()
#16 {main}
REQUEST_URI=/onm/index.php?r=gii/model/index
HTTP_REFERER=http://localhost/onm/index.php?r=gii
---
2013/12/24 10:02:15 [error] [exception.CDbException] exception 'CDbException' with message 'CDbConnection failed to open the DB connection: SQLSTATE[01002] (null) (severity 9)' in /var/www/framework/db/CDbConnection.php:382
Stack trace:
#0 /var/www/framework/db/CDbConnection.php(330): CDbConnection->open()
#1 /var/www/framework/db/CDbConnection.php(308): CDbConnection->setActive(true)
#2 /var/www/framework/base/CModule.php(387): CDbConnection->init()
#3 /var/www/framework/base/CModule.php(103): CModule->getComponent('db')
#4 /var/www/framework/gii/generators/model/ModelCode.php(60): CModule->__get('db')
#5 /var/www/framework/web/CFormModel.php(39): ModelCode->init()
#6 /var/www/framework/gii/CCodeGenerator.php(153): CFormModel->__construct()
#7 /var/www/framework/gii/CCodeGenerator.php(63): CCodeGenerator->prepare()
#8 /var/www/framework/web/actions/CInlineAction.php(49): CCodeGenerator->actionIndex()
#9 /var/www/framework/web/CController.php(308): CInlineAction->runWithParams(Array)
#10 /var/www/framework/web/CController.php(286): CController->runAction(Object(CInlineAction))
#11 /var/www/framework/web/CController.php(265): CController->runActionWithFilters(Object(CInlineAction), Array)
#12 /var/www/framework/web/CWebApplication.php(282): CController->run('index')
#13 /var/www/framework/web/CWebApplication.php(141): CWebApplication->runController('gii/model/index')
#14 /var/www/framework/base/CApplication.php(180): CWebApplication->processRequest()
#15 /var/www/onm/index.php(25): CApplication->run()
#16 {main}
REQUEST_URI=/onm/index.php?r=gii/model/index
HTTP_REFERER=http://localhost/onm/index.php?r=gii
---
